<?xml version="1.0" encoding="UTF-8"?>
<!-- Generated by org.testng.reporters.JUnitXMLReporter -->
<testsuite ignored="1" hostname="DESKTOP-3QRNTE9" failures="0" tests="1" name="Default test" time="38.638" errors="0" timestamp="2022-10-14T11:58:16 PDT">
  <testcase classname="testVagrant.TestCompare1" name="compareReleaseDates" time="32.678"/>
  <testcase classname="testVagrant.TestCompare1" name="compareReleaseDates2" time="0.0">
    <ignored/>
  </testcase> <!-- compareReleaseDates2 -->
</testsuite> <!-- Default test -->
