<?xml version="1.0" encoding="UTF-8"?>
<testng-results ignored="1" total="2" passed="1" failed="0" skipped="0">
  <reporter-output>
  </reporter-output>
  <suite started-at="2022-10-14T11:57:38 PDT" name="Default suite" finished-at="2022-10-14T11:58:16 PDT" duration-ms="38638">
    <groups>
    </groups>
    <test started-at="2022-10-14T11:57:38 PDT" name="Default test" finished-at="2022-10-14T11:58:16 PDT" duration-ms="38638">
      <class name="testVagrant.TestCompare1">
        <test-method is-config="true" signature="initializeDriver()[pri:0, instance:testVagrant.TestCompare1@61df66b6]" started-at="2022-10-14T11:57:38 PDT" name="initializeDriver" finished-at="2022-10-14T11:57:42 PDT" duration-ms="4560" status="PASS">
          <reporter-output>
          </reporter-output>
        </test-method> <!-- initializeDriver -->
        <test-method signature="compareReleaseDates()[pri:0, instance:testVagrant.TestCompare1@61df66b6]" started-at="2022-10-14T11:57:42 PDT" name="compareReleaseDates" finished-at="2022-10-14T11:58:15 PDT" duration-ms="32678" status="PASS">
          <reporter-output>
          </reporter-output>
        </test-method> <!-- compareReleaseDates -->
        <test-method is-config="true" signature="closeAllPages()[pri:0, instance:testVagrant.TestCompare1@61df66b6]" started-at="2022-10-14T11:58:15 PDT" name="closeAllPages" finished-at="2022-10-14T11:58:16 PDT" duration-ms="1315" status="PASS">
          <reporter-output>
          </reporter-output>
        </test-method> <!-- closeAllPages -->
      </class> <!-- testVagrant.TestCompare1 -->
    </test> <!-- Default test -->
  </suite> <!-- Default suite -->
</testng-results>
